[ 2017-03-19T17:10:44+08:00 ] ::1 /.php?g=admin&m=menu&a=index
NOTIC: D方法实例化没找到模型类Common\Model\AuthRuleModel

[ 2017-03-19T17:58:50+08:00 ] ::1 /.php?g=Admin&m=Menu&a=index
NOTIC: D方法实例化没找到模型类Common\Model\AuthRuleModel

[ 2017-03-19T17:59:01+08:00 ] ::1 /.php?g=Admin&m=menu&a=add
NOTIC: D方法实例化没找到模型类Common\Model\AuthRuleModel

[ 2017-03-19T17:59:40+08:00 ] ::1 /.php?g=Admin&m=Menu&a=add_post
INFO: [ app_begin ] --START--
INFO: Run Behavior\ReadHtmlCacheBehavior [ RunTime:0.000022s ]
INFO: Run Behavior\CheckLangBehavior [ RunTime:0.000096s ]
INFO: Run Common\Behavior\UrldecodeGetBehavior [ RunTime:0.000030s ]
INFO: [ app_begin ] --END-- [ RunTime:0.000202s ]
INFO: [ admin_begin ] --START--
INFO: Run Common\Behavior\AdminDefaultLangBehavior [ RunTime:0.000069s ]
INFO: [ admin_begin ] --END-- [ RunTime:0.000088s ]
SQL: SHOW COLUMNS FROM `boxing_users` [ RunTime:0.0006s ]
SQL: SELECT * FROM `boxing_users` WHERE `id` = '1' LIMIT 1   [ RunTime:0.0002s ]
SQL: SHOW COLUMNS FROM `boxing_menu` [ RunTime:0.0005s ]
NOTIC: D方法实例化没找到模型类Common\Model\AuthRuleModel
SQL: SHOW COLUMNS FROM `boxing_auth_rule` [ RunTime:0.0005s ]
NOTIC: [8] Undefined index: validate /home/cg-man/project/php/boxing/simplewind/Core/Library/Think/Model.class.php 第 1185 行.
SQL: SELECT * FROM `boxing_menu` WHERE `app` = 'Admin' AND `model` = 'Video' AND `action` = 'test' LIMIT 1   [ RunTime:0.0003s ]
SQL: SELECT `parentid` FROM `boxing_menu` WHERE `id` = 0 LIMIT 1   [ RunTime:0.0001s ]
NOTIC: [8] Undefined index: auto /home/cg-man/project/php/boxing/simplewind/Core/Library/Think/Model.class.php 第 1128 行.
SQL: INSERT INTO `boxing_menu` (`parentid`,`name`,`app`,`model`,`action`,`data`,`icon`,`remark`,`status`,`type`) VALUES ('0','比赛视频管理','Admin','Video','test','','dribbble','','1','0') [ RunTime:0.0001s ]
SQL: SELECT COUNT(*) AS tp_count FROM `boxing_auth_rule` WHERE `name` = 'admin/video/test' LIMIT 1   [ RunTime:0.0001s ]
SQL: INSERT INTO `boxing_auth_rule` (`name`,`module`,`type`,`title`) VALUES ('admin/video/test','Admin','admin_url','比赛视频管理') [ RunTime:0.0001s ]
SQL: SELECT * FROM `boxing_menu` WHERE `app` = 'Admin' ORDER BY `listorder` ASC,`app` ASC,`model` ASC,`action` ASC  [ RunTime:0.0008s ]
NOTIC: [2] mkdir(): File exists /home/cg-man/project/php/boxing/application/Admin/Controller/MenuController.class.php 第 247 行.

[ 2017-03-19T17:59:40+08:00 ] ::1 /.php?g=Admin&m=Menu&a=index
NOTIC: D方法实例化没找到模型类Common\Model\AuthRuleModel

[ 2017-03-19T17:59:47+08:00 ] ::1 /.php?g=Admin&m=Menu&a=add&parentid=189&menuid=
NOTIC: D方法实例化没找到模型类Common\Model\AuthRuleModel

[ 2017-03-19T18:00:15+08:00 ] ::1 /.php?g=Admin&m=Menu&a=add_post
INFO: [ app_begin ] --START--
INFO: Run Behavior\ReadHtmlCacheBehavior [ RunTime:0.000011s ]
INFO: Run Behavior\CheckLangBehavior [ RunTime:0.000045s ]
INFO: Run Common\Behavior\UrldecodeGetBehavior [ RunTime:0.000012s ]
INFO: [ app_begin ] --END-- [ RunTime:0.000092s ]
INFO: [ admin_begin ] --START--
INFO: Run Common\Behavior\AdminDefaultLangBehavior [ RunTime:0.000034s ]
INFO: [ admin_begin ] --END-- [ RunTime:0.000042s ]
SQL: SHOW COLUMNS FROM `boxing_users` [ RunTime:0.0005s ]
SQL: SELECT * FROM `boxing_users` WHERE `id` = '1' LIMIT 1   [ RunTime:0.0002s ]
SQL: SHOW COLUMNS FROM `boxing_menu` [ RunTime:0.0004s ]
NOTIC: D方法实例化没找到模型类Common\Model\AuthRuleModel
SQL: SHOW COLUMNS FROM `boxing_auth_rule` [ RunTime:0.0003s ]
NOTIC: [8] Undefined index: validate /home/cg-man/project/php/boxing/simplewind/Core/Library/Think/Model.class.php 第 1185 行.
SQL: SELECT * FROM `boxing_menu` WHERE `app` = 'Admin' AND `model` = 'Video' AND `action` = 'index' LIMIT 1   [ RunTime:0.0003s ]
SQL: SELECT `parentid` FROM `boxing_menu` WHERE `id` = 189 LIMIT 1   [ RunTime:0.0001s ]
NOTIC: [8] Undefined index: auto /home/cg-man/project/php/boxing/simplewind/Core/Library/Think/Model.class.php 第 1128 行.
SQL: INSERT INTO `boxing_menu` (`parentid`,`name`,`app`,`model`,`action`,`data`,`icon`,`remark`,`status`,`type`) VALUES ('189','比赛视频列表','Admin','Video','index','','','','1','1') [ RunTime:0.0002s ]
SQL: SELECT COUNT(*) AS tp_count FROM `boxing_auth_rule` WHERE `name` = 'admin/video/index' LIMIT 1   [ RunTime:0.0002s ]
SQL: INSERT INTO `boxing_auth_rule` (`name`,`module`,`type`,`title`) VALUES ('admin/video/index','Admin','admin_url','比赛视频列表') [ RunTime:0.0001s ]
SQL: SELECT * FROM `boxing_menu` WHERE `app` = 'Admin' ORDER BY `listorder` ASC,`app` ASC,`model` ASC,`action` ASC  [ RunTime:0.0006s ]
NOTIC: [2] mkdir(): File exists /home/cg-man/project/php/boxing/application/Admin/Controller/MenuController.class.php 第 247 行.

[ 2017-03-19T18:00:15+08:00 ] ::1 /.php?g=Admin&m=Menu&a=index
NOTIC: D方法实例化没找到模型类Common\Model\AuthRuleModel

[ 2017-03-19T18:37:16+08:00 ] ::1 /.php?g=Admin&m=Video&a=edit&id=1
ERR: syntax error, unexpected 'echo' (T_ECHO)

[ 2017-03-19T18:37:40+08:00 ] ::1 /.php?g=Admin&m=Video&a=edit&id=1
ERR: syntax error, unexpected 'echo' (T_ECHO)

[ 2017-03-19T18:37:42+08:00 ] ::1 /.php?g=Admin&m=Video&a=edit&id=1
ERR: syntax error, unexpected 'echo' (T_ECHO)

[ 2017-03-19T18:37:43+08:00 ] ::1 /.php?g=Admin&m=Video&a=edit&id=1
ERR: syntax error, unexpected 'echo' (T_ECHO)

[ 2017-03-19T18:37:44+08:00 ] ::1 /.php?g=Admin&m=Video&a=edit&id=1
ERR: syntax error, unexpected 'echo' (T_ECHO)

[ 2017-03-19T18:37:55+08:00 ] ::1 /.php?g=Admin&m=Video&a=edit&id=1
ERR: syntax error, unexpected 'echo' (T_ECHO)

[ 2017-03-19T18:37:56+08:00 ] ::1 /.php?g=Admin&m=Video&a=edit&id=1
ERR: syntax error, unexpected 'echo' (T_ECHO)

[ 2017-03-19T18:37:57+08:00 ] ::1 /.php?g=Admin&m=Video&a=edit&id=1
ERR: syntax error, unexpected 'echo' (T_ECHO)

[ 2017-03-19T18:40:49+08:00 ] ::1 /.php?g=Admin&m=Video&a=edit&id=1
ERR: syntax error, unexpected 'echo' (T_ECHO)

[ 2017-03-19T18:42:16+08:00 ] ::1 /.php?g=Admin&m=Video&a=edit&id=1
ERR: syntax error, unexpected '<'

[ 2017-03-19T18:44:57+08:00 ] ::1 /.php?g=Admin&m=Video&a=edit&id=1
ERR: syntax error, unexpected 'echo' (T_ECHO)

[ 2017-03-19T18:44:59+08:00 ] ::1 /.php?g=Admin&m=Video&a=edit&id=1
ERR: syntax error, unexpected 'echo' (T_ECHO)

[ 2017-03-19T18:45:00+08:00 ] ::1 /.php?g=Admin&m=Video&a=edit&id=1
ERR: syntax error, unexpected 'echo' (T_ECHO)

[ 2017-03-19T18:45:36+08:00 ] ::1 /.php?g=Admin&m=Video&a=edit&id=1
ERR: syntax error, unexpected 'echo' (T_ECHO)

[ 2017-03-19T18:45:37+08:00 ] ::1 /.php?g=Admin&m=Video&a=edit&id=1
ERR: syntax error, unexpected 'echo' (T_ECHO)

[ 2017-03-19T18:45:39+08:00 ] ::1 /.php?g=Admin&m=Video&a=edit&id=1
ERR: syntax error, unexpected 'echo' (T_ECHO)

[ 2017-03-19T18:45:54+08:00 ] ::1 /.php?g=Admin&m=Video&a=edit&id=1
ERR: syntax error, unexpected '{'

[ 2017-03-19T18:46:07+08:00 ] ::1 /.php?g=Admin&m=Video&a=edit&id=1
ERR: syntax error, unexpected 'echo' (T_ECHO)

[ 2017-03-19T18:46:08+08:00 ] ::1 /.php?g=Admin&m=Video&a=edit&id=1
ERR: syntax error, unexpected 'echo' (T_ECHO)

[ 2017-03-19T18:47:06+08:00 ] ::1 /.php?g=Admin&m=Video&a=edit&id=1
ERR: syntax error, unexpected '}', expecting ',' or ';'

[ 2017-03-19T18:47:07+08:00 ] ::1 /.php?g=Admin&m=Video&a=edit&id=1
ERR: syntax error, unexpected '}', expecting ',' or ';'

[ 2017-03-19T18:47:08+08:00 ] ::1 /.php?g=Admin&m=Video&a=edit&id=1
ERR: syntax error, unexpected '}', expecting ',' or ';'

[ 2017-03-19T18:52:13+08:00 ] ::1 /.php?g=Admin&m=Video&a=edit&id=1
ERR: syntax error, unexpected ';'

[ 2017-03-19T18:52:14+08:00 ] ::1 /.php?g=Admin&m=Video&a=edit&id=1
ERR: syntax error, unexpected ';'

[ 2017-03-19T19:27:04+08:00 ] ::1 /.php?g=Admin&m=Menu&a=index
NOTIC: D方法实例化没找到模型类Common\Model\AuthRuleModel

[ 2017-03-19T19:27:12+08:00 ] ::1 /.php?g=Admin&m=Menu&a=edit&id=189&menuid=
NOTIC: D方法实例化没找到模型类Common\Model\AuthRuleModel

[ 2017-03-19T19:27:19+08:00 ] ::1 /.php?g=Admin&m=menu&a=add
NOTIC: D方法实例化没找到模型类Common\Model\AuthRuleModel

[ 2017-03-19T19:27:23+08:00 ] ::1 /.php?g=Admin&m=menu&a=index
NOTIC: D方法实例化没找到模型类Common\Model\AuthRuleModel

[ 2017-03-19T19:27:29+08:00 ] ::1 /.php?g=Admin&m=Menu&a=add&parentid=187&menuid=
NOTIC: D方法实例化没找到模型类Common\Model\AuthRuleModel

[ 2017-03-19T19:28:09+08:00 ] ::1 /.php?g=Admin&m=Menu&a=add_post
INFO: [ app_begin ] --START--
INFO: Run Behavior\ReadHtmlCacheBehavior [ RunTime:0.000023s ]
INFO: Run Behavior\CheckLangBehavior [ RunTime:0.000086s ]
INFO: Run Common\Behavior\UrldecodeGetBehavior [ RunTime:0.000028s ]
INFO: [ app_begin ] --END-- [ RunTime:0.000197s ]
INFO: [ admin_begin ] --START--
INFO: Run Common\Behavior\AdminDefaultLangBehavior [ RunTime:0.000064s ]
INFO: [ admin_begin ] --END-- [ RunTime:0.000080s ]
SQL: SHOW COLUMNS FROM `boxing_users` [ RunTime:0.0004s ]
SQL: SELECT * FROM `boxing_users` WHERE `id` = '1' LIMIT 1   [ RunTime:0.0002s ]
SQL: SHOW COLUMNS FROM `boxing_menu` [ RunTime:0.0004s ]
NOTIC: D方法实例化没找到模型类Common\Model\AuthRuleModel
SQL: SHOW COLUMNS FROM `boxing_auth_rule` [ RunTime:0.0004s ]
NOTIC: [8] Undefined index: validate /home/cg-man/project/php/boxing/simplewind/Core/Library/Think/Model.class.php 第 1185 行.
SQL: SELECT * FROM `boxing_menu` WHERE `app` = 'Admin' AND `model` = 'Players' AND `action` = 'add' LIMIT 1   [ RunTime:0.0003s ]
SQL: SELECT `parentid` FROM `boxing_menu` WHERE `id` = 187 LIMIT 1   [ RunTime:0.0001s ]
NOTIC: [8] Undefined index: auto /home/cg-man/project/php/boxing/simplewind/Core/Library/Think/Model.class.php 第 1128 行.
SQL: INSERT INTO `boxing_menu` (`parentid`,`name`,`app`,`model`,`action`,`data`,`icon`,`remark`,`status`,`type`) VALUES ('187','增加运动员','Admin','Players','add','','','','1','1') [ RunTime:0.0002s ]
SQL: SELECT COUNT(*) AS tp_count FROM `boxing_auth_rule` WHERE `name` = 'admin/players/add' LIMIT 1   [ RunTime:0.0002s ]
SQL: INSERT INTO `boxing_auth_rule` (`name`,`module`,`type`,`title`) VALUES ('admin/players/add','Admin','admin_url','增加运动员') [ RunTime:0.0002s ]
SQL: SELECT * FROM `boxing_menu` WHERE `app` = 'Admin' ORDER BY `listorder` ASC,`app` ASC,`model` ASC,`action` ASC  [ RunTime:0.0005s ]
NOTIC: [2] mkdir(): File exists /home/cg-man/project/php/boxing/application/Admin/Controller/MenuController.class.php 第 247 行.

[ 2017-03-19T19:28:09+08:00 ] ::1 /.php?g=Admin&m=Menu&a=index
NOTIC: D方法实例化没找到模型类Common\Model\AuthRuleModel

[ 2017-03-19T19:28:15+08:00 ] ::1 /.php?g=Admin&m=Menu&a=add&parentid=189&menuid=
NOTIC: D方法实例化没找到模型类Common\Model\AuthRuleModel

[ 2017-03-19T19:28:45+08:00 ] ::1 /.php?g=Admin&m=Menu&a=add_post
INFO: [ app_begin ] --START--
INFO: Run Behavior\ReadHtmlCacheBehavior [ RunTime:0.000013s ]
INFO: Run Behavior\CheckLangBehavior [ RunTime:0.000055s ]
INFO: Run Common\Behavior\UrldecodeGetBehavior [ RunTime:0.000015s ]
INFO: [ app_begin ] --END-- [ RunTime:0.000110s ]
INFO: [ admin_begin ] --START--
INFO: Run Common\Behavior\AdminDefaultLangBehavior [ RunTime:0.000061s ]
INFO: [ admin_begin ] --END-- [ RunTime:0.000074s ]
SQL: SHOW COLUMNS FROM `boxing_users` [ RunTime:0.0004s ]
SQL: SELECT * FROM `boxing_users` WHERE `id` = '1' LIMIT 1   [ RunTime:0.0002s ]
SQL: SHOW COLUMNS FROM `boxing_menu` [ RunTime:0.0003s ]
NOTIC: D方法实例化没找到模型类Common\Model\AuthRuleModel
SQL: SHOW COLUMNS FROM `boxing_auth_rule` [ RunTime:0.0003s ]
NOTIC: [8] Undefined index: validate /home/cg-man/project/php/boxing/simplewind/Core/Library/Think/Model.class.php 第 1185 行.
SQL: SELECT * FROM `boxing_menu` WHERE `app` = 'Admin' AND `model` = 'Video' AND `action` = 'add' LIMIT 1   [ RunTime:0.0002s ]
SQL: SELECT `parentid` FROM `boxing_menu` WHERE `id` = 189 LIMIT 1   [ RunTime:0.0001s ]
NOTIC: [8] Undefined index: auto /home/cg-man/project/php/boxing/simplewind/Core/Library/Think/Model.class.php 第 1128 行.
SQL: INSERT INTO `boxing_menu` (`parentid`,`name`,`app`,`model`,`action`,`data`,`icon`,`remark`,`status`,`type`) VALUES ('189','添加比赛视频','Admin','Video','add','','','','1','1') [ RunTime:0.0001s ]
SQL: SELECT COUNT(*) AS tp_count FROM `boxing_auth_rule` WHERE `name` = 'admin/video/add' LIMIT 1   [ RunTime:0.0001s ]
SQL: INSERT INTO `boxing_auth_rule` (`name`,`module`,`type`,`title`) VALUES ('admin/video/add','Admin','admin_url','添加比赛视频') [ RunTime:0.0001s ]
SQL: SELECT * FROM `boxing_menu` WHERE `app` = 'Admin' ORDER BY `listorder` ASC,`app` ASC,`model` ASC,`action` ASC  [ RunTime:0.0005s ]
NOTIC: [2] mkdir(): File exists /home/cg-man/project/php/boxing/application/Admin/Controller/MenuController.class.php 第 247 行.

[ 2017-03-19T19:28:45+08:00 ] ::1 /.php?g=Admin&m=Menu&a=index
NOTIC: D方法实例化没找到模型类Common\Model\AuthRuleModel

[ 2017-03-19T22:49:35+08:00 ] ::1 /.php?g=Admin&m=public&a=dologin
INFO: [ app_begin ] --START--
INFO: Run Behavior\ReadHtmlCacheBehavior [ RunTime:0.000035s ]
INFO: Run Behavior\CheckLangBehavior [ RunTime:0.000175s ]
INFO: Run Common\Behavior\UrldecodeGetBehavior [ RunTime:0.000051s ]
INFO: [ app_begin ] --END-- [ RunTime:0.000356s ]
INFO: [ admin_begin ] --START--
INFO: Run Common\Behavior\AdminDefaultLangBehavior [ RunTime:0.000116s ]
INFO: [ admin_begin ] --END-- [ RunTime:0.000150s ]

[ 2017-03-19T22:49:46+08:00 ] ::1 /.php?g=Admin&m=public&a=dologin
INFO: [ app_begin ] --START--
INFO: Run Behavior\ReadHtmlCacheBehavior [ RunTime:0.000014s ]
INFO: Run Behavior\CheckLangBehavior [ RunTime:0.000049s ]
INFO: Run Common\Behavior\UrldecodeGetBehavior [ RunTime:0.000015s ]
INFO: [ app_begin ] --END-- [ RunTime:0.000108s ]
INFO: [ admin_begin ] --START--
INFO: Run Common\Behavior\AdminDefaultLangBehavior [ RunTime:0.000059s ]
INFO: [ admin_begin ] --END-- [ RunTime:0.000075s ]

[ 2017-03-19T22:50:18+08:00 ] ::1 /.php?g=Admin&m=public&a=dologin
INFO: [ app_begin ] --START--
INFO: Run Behavior\ReadHtmlCacheBehavior [ RunTime:0.000026s ]
INFO: Run Behavior\CheckLangBehavior [ RunTime:0.000149s ]
INFO: Run Common\Behavior\UrldecodeGetBehavior [ RunTime:0.000033s ]
INFO: [ app_begin ] --END-- [ RunTime:0.000272s ]
INFO: [ admin_begin ] --START--
INFO: Run Common\Behavior\AdminDefaultLangBehavior [ RunTime:0.000079s ]
INFO: [ admin_begin ] --END-- [ RunTime:0.000101s ]
SQL: SHOW COLUMNS FROM `boxing_users` [ RunTime:0.0007s ]
SQL: SELECT * FROM `boxing_users` WHERE `user_login` = 'admin' LIMIT 1   [ RunTime:0.0003s ]
SQL: SHOW COLUMNS FROM `boxing_role_user` [ RunTime:0.0006s ]
SQL: SELECT `role_id` FROM boxing_role_user a INNER JOIN boxing_role as b on a.role_id =b.id  WHERE `user_id` = '1' AND `status` = 1  [ RunTime:0.0004s ]
SQL: UPDATE `boxing_users` SET `user_login`='admin',`user_pass`='###81e0b871315adf27d866399d5c14cfbf',`user_nicename`='admin',`user_email`='cg-man@outlook.com',`user_url`='',`avatar`=NULL,`sex`='0',`birthday`='2000-01-01',`signature`=NULL,`last_login_ip`='0.0.0.0',`last_login_time`='2017-03-19 22:50:18',`create_time`='2017-03-18 02:08:05',`user_activation_key`='',`user_status`='1',`score`='0',`user_type`='1',`coin`='0',`mobile`='' WHERE `id` = '1' [ RunTime:0.0005s ]

[ 2017-03-19T22:50:24+08:00 ] ::1 /.php?g=Admin&m=Menu&a=index
NOTIC: D方法实例化没找到模型类Common\Model\AuthRuleModel

[ 2017-03-19T22:50:52+08:00 ] ::1 /.php?g=Admin&m=Menu&a=listorders
INFO: [ app_begin ] --START--
INFO: Run Behavior\ReadHtmlCacheBehavior [ RunTime:0.000012s ]
INFO: Run Behavior\CheckLangBehavior [ RunTime:0.000046s ]
INFO: Run Common\Behavior\UrldecodeGetBehavior [ RunTime:0.000012s ]
INFO: [ app_begin ] --END-- [ RunTime:0.000096s ]
INFO: [ admin_begin ] --START--
INFO: Run Common\Behavior\AdminDefaultLangBehavior [ RunTime:0.000033s ]
INFO: [ admin_begin ] --END-- [ RunTime:0.000043s ]
SQL: SHOW COLUMNS FROM `boxing_users` [ RunTime:0.0003s ]
SQL: SELECT * FROM `boxing_users` WHERE `id` = '1' LIMIT 1   [ RunTime:0.0001s ]
SQL: SHOW COLUMNS FROM `boxing_menu` [ RunTime:0.0002s ]
NOTIC: D方法实例化没找到模型类Common\Model\AuthRuleModel
SQL: SHOW COLUMNS FROM `boxing_auth_rule` [ RunTime:0.0002s ]
SQL: UPDATE `boxing_menu` SET `listorder`='5' WHERE `id` = 109 [ RunTime:0.0002s ]
SQL: UPDATE `boxing_menu` SET `listorder`='0' WHERE `id` = 110 [ RunTime:0.0001s ]
SQL: UPDATE `boxing_menu` SET `listorder`='0' WHERE `id` = 111 [ RunTime:0.0001s ]
SQL: UPDATE `boxing_menu` SET `listorder`='0' WHERE `id` = 112 [ RunTime:0.0001s ]
SQL: UPDATE `boxing_menu` SET `listorder`='0' WHERE `id` = 113 [ RunTime:0.0001s ]
SQL: UPDATE `boxing_menu` SET `listorder`='0' WHERE `id` = 114 [ RunTime:0.0001s ]
SQL: UPDATE `boxing_menu` SET `listorder`='0' WHERE `id` = 115 [ RunTime:0.0001s ]
SQL: UPDATE `boxing_menu` SET `listorder`='0' WHERE `id` = 116 [ RunTime:0.0001s ]
SQL: UPDATE `boxing_menu` SET `listorder`='0' WHERE `id` = 117 [ RunTime:0.0001s ]
SQL: UPDATE `boxing_menu` SET `listorder`='0' WHERE `id` = 118 [ RunTime:0.0001s ]
SQL: UPDATE `boxing_menu` SET `listorder`='0' WHERE `id` = 119 [ RunTime:0.0001s ]
SQL: UPDATE `boxing_menu` SET `listorder`='0' WHERE `id` = 120 [ RunTime:0.0001s ]
SQL: UPDATE `boxing_menu` SET `listorder`='0' WHERE `id` = 121 [ RunTime:0.0001s ]
SQL: UPDATE `boxing_menu` SET `listorder`='0' WHERE `id` = 122 [ RunTime:0.0001s ]
SQL: UPDATE `boxing_menu` SET `listorder`='0' WHERE `id` = 123 [ RunTime:0.0001s ]
SQL: UPDATE `boxing_menu` SET `listorder`='0' WHERE `id` = 124 [ RunTime:0.0001s ]
SQL: UPDATE `boxing_menu` SET `listorder`='0' WHERE `id` = 125 [ RunTime:0.0001s ]
SQL: UPDATE `boxing_menu` SET `listorder`='0' WHERE `id` = 126 [ RunTime:0.0001s ]
SQL: UPDATE `boxing_menu` SET `listorder`='0' WHERE `id` = 127 [ RunTime:0.0001s ]
SQL: UPDATE `boxing_menu` SET `listorder`='0' WHERE `id` = 128 [ RunTime:0.0001s ]
SQL: UPDATE `boxing_menu` SET `listorder`='0' WHERE `id` = 166 [ RunTime:0.0001s ]
SQL: UPDATE `boxing_menu` SET `listorder`='0' WHERE `id` = 129 [ RunTime:0.0001s ]
SQL: UPDATE `boxing_menu` SET `listorder`='0' WHERE `id` = 130 [ RunTime:0.0001s ]
SQL: UPDATE `boxing_menu` SET `listorder`='0' WHERE `id` = 156 [ RunTime:0.0001s ]
SQL: UPDATE `boxing_menu` SET `listorder`='0' WHERE `id` = 157 [ RunTime:0.0001s ]
SQL: UPDATE `boxing_menu` SET `listorder`='0' WHERE `id` = 167 [ RunTime:0.0001s ]
SQL: UPDATE `boxing_menu` SET `listorder`='0' WHERE `id` = 168 [ RunTime:0.0001s ]
SQL: UPDATE `boxing_menu` SET `listorder`='1' WHERE `id` = 131 [ RunTime:0.0001s ]
SQL: UPDATE `boxing_menu` SET `listorder`='1' WHERE `id` = 187 [ RunTime:0.0001s ]
SQL: UPDATE `boxing_menu` SET `listorder`='0' WHERE `id` = 188 [ RunTime:0.0001s ]
SQL: UPDATE `boxing_menu` SET `listorder`='0' WHERE `id` = 191 [ RunTime:0.0001s ]
SQL: UPDATE `boxing_menu` SET `listorder`='2' WHERE `id` = 189 [ RunTime:0.0001s ]
SQL: UPDATE `boxing_menu` SET `listorder`='0' WHERE `id` = 190 [ RunTime:0.0001s ]
SQL: UPDATE `boxing_menu` SET `listorder`='0' WHERE `id` = 192 [ RunTime:0.0001s ]
SQL: UPDATE `boxing_menu` SET `listorder`='10' WHERE `id` = 132 [ RunTime:0.0001s ]
SQL: UPDATE `boxing_menu` SET `listorder`='0' WHERE `id` = 133 [ RunTime:0.0001s ]
SQL: UPDATE `boxing_menu` SET `listorder`='0' WHERE `id` = 134 [ RunTime:0.0001s ]
SQL: UPDATE `boxing_menu` SET `listorder`='0' WHERE `id` = 135 [ RunTime:0.0001s ]
SQL: UPDATE `boxing_menu` SET `listorder`='0' WHERE `id` = 136 [ RunTime:0.0001s ]
SQL: UPDATE `boxing_menu` SET `listorder`='0' WHERE `id` = 137 [ RunTime:0.0001s ]
SQL: UPDATE `boxing_menu` SET `listorder`='0' WHERE `id` = 138 [ RunTime:0.0001s ]
SQL: UPDATE `boxing_menu` SET `listorder`='0' WHERE `id` = 139 [ RunTime:0.0001s ]
SQL: UPDATE `boxing_menu` SET `listorder`='0' WHERE `id` = 140 [ RunTime:0.0001s ]
SQL: UPDATE `boxing_menu` SET `listorder`='1000' WHERE `id` = 141 [ RunTime:0.0001s ]
SQL: UPDATE `boxing_menu` SET `listorder`='1000' WHERE `id` = 142 [ RunTime:0.0001s ]
SQL: UPDATE `boxing_menu` SET `listorder`='0' WHERE `id` = 143 [ RunTime:0.0001s ]
SQL: UPDATE `boxing_menu` SET `listorder`='1000' WHERE `id` = 144 [ RunTime:0.0001s ]
SQL: UPDATE `boxing_menu` SET `listorder`='0' WHERE `id` = 145 [ RunTime:0.0001s ]
SQL: UPDATE `boxing_menu` SET `listorder`='1000' WHERE `id` = 146 [ RunTime:0.0001s ]
SQL: UPDATE `boxing_menu` SET `listorder`='1000' WHERE `id` = 147 [ RunTime:0.0001s ]
SQL: UPDATE `boxing_menu` SET `listorder`='0' WHERE `id` = 148 [ RunTime:0.0001s ]
SQL: UPDATE `boxing_menu` SET `listorder`='0' WHERE `id` = 149 [ RunTime:0.0001s ]
SQL: UPDATE `boxing_menu` SET `listorder`='0' WHERE `id` = 160 [ RunTime:0.0001s ]
SQL: UPDATE `boxing_menu` SET `listorder`='0' WHERE `id` = 161 [ RunTime:0.0001s ]
SQL: UPDATE `boxing_menu` SET `listorder`='1000' WHERE `id` = 150 [ RunTime:0.0001s ]
SQL: UPDATE `boxing_menu` SET `listorder`='1000' WHERE `id` = 151 [ RunTime:0.0001s ]
SQL: UPDATE `boxing_menu` SET `listorder`='0' WHERE `id` = 152 [ RunTime:0.0001s ]
SQL: UPDATE `boxing_menu` SET `listorder`='1000' WHERE `id` = 153 [ RunTime:0.0001s ]
SQL: UPDATE `boxing_menu` SET `listorder`='0' WHERE `id` = 154 [ RunTime:0.0001s ]
SQL: UPDATE `boxing_menu` SET `listorder`='20' WHERE `id` = 85 [ RunTime:0.0001s ]
SQL: UPDATE `boxing_menu` SET `listorder`='0' WHERE `id` = 86 [ RunTime:0.0001s ]
SQL: UPDATE `boxing_menu` SET `listorder`='0' WHERE `id` = 87 [ RunTime:0.0001s ]
SQL: UPDATE `boxing_menu` SET `listorder`='0' WHERE `id` = 88 [ RunTime:0.0001s ]
SQL: UPDATE `boxing_menu` SET `listorder`='1000' WHERE `id` = 89 [ RunTime:0.0001s ]
SQL: UPDATE `boxing_menu` SET `listorder`='1000' WHERE `id` = 90 [ RunTime:0.0001s ]
SQL: UPDATE `boxing_menu` SET `listorder`='0' WHERE `id` = 91 [ RunTime:0.0001s ]
SQL: UPDATE `boxing_menu` SET `listorder`='1000' WHERE `id` = 92 [ RunTime:0.0001s ]
SQL: UPDATE `boxing_menu` SET `listorder`='0' WHERE `id` = 93 [ RunTime:0.0001s ]
SQL: UPDATE `boxing_menu` SET `listorder`='0' WHERE `id` = 94 [ RunTime:0.0001s ]
SQL: UPDATE `boxing_menu` SET `listorder`='1000' WHERE `id` = 95 [ RunTime:0.0001s ]
SQL: UPDATE `boxing_menu` SET `listorder`='1000' WHERE `id` = 96 [ RunTime:0.0001s ]
SQL: UPDATE `boxing_menu` SET `listorder`='0' WHERE `id` = 97 [ RunTime:0.0001s ]
SQL: UPDATE `boxing_menu` SET `listorder`='1000' WHERE `id` = 98 [ RunTime:0.0001s ]
SQL: UPDATE `boxing_menu` SET `listorder`='0' WHERE `id` = 99 [ RunTime:0.0001s ]
SQL: UPDATE `boxing_menu` SET `listorder`='0' WHERE `id` = 100 [ RunTime:0.0001s ]
SQL: UPDATE `boxing_menu` SET `listorder`='0' WHERE `id` = 101 [ RunTime:0.0001s ]
SQL: UPDATE `boxing_menu` SET `listorder`='0' WHERE `id` = 102 [ RunTime:0.0001s ]
SQL: UPDATE `boxing_menu` SET `listorder`='0' WHERE `id` = 103 [ RunTime:0.0001s ]
SQL: UPDATE `boxing_menu` SET `listorder`='0' WHERE `id` = 174 [ RunTime:0.0001s ]
SQL: UPDATE `boxing_menu` SET `listorder`='0' WHERE `id` = 175 [ RunTime:0.0001s ]
SQL: UPDATE `boxing_menu` SET `listorder`='0' WHERE `id` = 176 [ RunTime:0.0001s ]
SQL: UPDATE `boxing_menu` SET `listorder`='0' WHERE `id` = 177 [ RunTime:0.0001s ]
SQL: UPDATE `boxing_menu` SET `listorder`='1000' WHERE `id` = 104 [ RunTime:0.0001s ]
SQL: UPDATE `boxing_menu` SET `listorder`='1000' WHERE `id` = 105 [ RunTime:0.0001s ]
SQL: UPDATE `boxing_menu` SET `listorder`='0' WHERE `id` = 106 [ RunTime:0.0001s ]
SQL: UPDATE `boxing_menu` SET `listorder`='1000' WHERE `id` = 107 [ RunTime:0.0001s ]
SQL: UPDATE `boxing_menu` SET `listorder`='1000' WHERE `id` = 108 [ RunTime:0.0001s ]
SQL: UPDATE `boxing_menu` SET `listorder`='30' WHERE `id` = 1 [ RunTime:0.0001s ]
SQL: UPDATE `boxing_menu` SET `listorder`='0' WHERE `id` = 2 [ RunTime:0.0001s ]
SQL: UPDATE `boxing_menu` SET `listorder`='0' WHERE `id` = 3 [ RunTime:0.0001s ]
SQL: UPDATE `boxing_menu` SET `listorder`='0' WHERE `id` = 4 [ RunTime:0.0001s ]
SQL: UPDATE `boxing_menu` SET `listorder`='0' WHERE `id` = 5 [ RunTime:0.0001s ]
SQL: UPDATE `boxing_menu` SET `listorder`='0' WHERE `id` = 6 [ RunTime:0.0001s ]
SQL: UPDATE `boxing_menu` SET `listorder`='1' WHERE `id` = 7 [ RunTime:0.0001s ]
SQL: UPDATE `boxing_menu` SET `listorder`='0' WHERE `id` = 8 [ RunTime:0.0001s ]
SQL: UPDATE `boxing_menu` SET `listorder`='0' WHERE `id` = 9 [ RunTime:0.0001s ]
SQL: UPDATE `boxing_menu` SET `listorder`='0' WHERE `id` = 10 [ RunTime:0.0001s ]
SQL: UPDATE `boxing_menu` SET `listorder`='0' WHERE `id` = 169 [ RunTime:0.0001s ]
SQL: UPDATE `boxing_menu` SET `listorder`='1000' WHERE `id` = 11 [ RunTime:0.0001s ]
SQL: UPDATE `boxing_menu` SET `listorder`='1000' WHERE `id` = 12 [ RunTime:0.0001s ]
SQL: UPDATE `boxing_menu` SET `listorder`='1000' WHERE `id` = 13 [ RunTime:0.0001s ]
SQL: UPDATE `boxing_menu` SET `listorder`='1000' WHERE `id` = 14 [ RunTime:0.0001s ]
SQL: UPDATE `boxing_menu` SET `listorder`='0' WHERE `id` = 15 [ RunTime:0.0001s ]
SQL: UPDATE `boxing_menu` SET `listorder`='1000' WHERE `id` = 16 [ RunTime:0.0001s ]
SQL: UPDATE `boxing_menu` SET `listorder`='0' WHERE `id` = 17 [ RunTime:0.0001s ]
SQL: UPDATE `boxing_menu` SET `listorder`='2' WHERE `id` = 18 [ RunTime:0.0001s ]
SQL: UPDATE `boxing_menu` SET `listorder`='0' WHERE `id` = 19 [ RunTime:0.0001s ]
SQL: UPDATE `boxing_menu` SET `listorder`='1000' WHERE `id` = 20 [ RunTime:0.0001s ]
SQL: UPDATE `boxing_menu` SET `listorder`='1000' WHERE `id` = 21 [ RunTime:0.0001s ]
SQL: UPDATE `boxing_menu` SET `listorder`='0' WHERE `id` = 22 [ RunTime:0.0001s ]
SQL: UPDATE `boxing_menu` SET `listorder`='1000' WHERE `id` = 23 [ RunTime:0.0001s ]
SQL: UPDATE `boxing_menu` SET `listorder`='0' WHERE `id` = 24 [ RunTime:0.0001s ]
SQL: UPDATE `boxing_menu` SET `listorder`='3' WHERE `id` = 25 [ RunTime:0.0001s ]
SQL: UPDATE `boxing_menu` SET `listorder`='0' WHERE `id` = 26 [ RunTime:0.0001s ]
SQL: UPDATE `boxing_menu` SET `listorder`='1000' WHERE `id` = 27 [ RunTime:0.0001s ]
SQL: UPDATE `boxing_menu` SET `listorder`='1000' WHERE `id` = 28 [ RunTime:0.0001s ]
SQL: UPDATE `boxing_menu` SET `listorder`='0' WHERE `id` = 29 [ RunTime:0.0001s ]
SQL: UPDATE `boxing_menu` SET `listorder`='1000' WHERE `id` = 30 [ RunTime:0.0001s ]
SQL: UPDATE `boxing_menu` SET `listorder`='0' WHERE `id` = 31 [ RunTime:0.0001s ]
SQL: UPDATE `boxing_menu` SET `listorder`='4' WHERE `id` = 32 [ RunTime:0.0001s ]
SQL: UPDATE `boxing_menu` SET `listorder`='0' WHERE `id` = 33 [ RunTime:0.0001s ]
SQL: UPDATE `boxing_menu` SET `listorder`='1000' WHERE `id` = 34 [ RunTime:0.0001s ]
SQL: UPDATE `boxing_menu` SET `listorder`='1000' WHERE `id` = 35 [ RunTime:0.0001s ]
SQL: UPDATE `boxing_menu` SET `listorder`='1' WHERE `id` = 36 [ RunTime:0.0001s ]
SQL: UPDATE `boxing_menu` SET `listorder`='1000' WHERE `id` = 37 [ RunTime:0.0001s ]
SQL: UPDATE `boxing_menu` SET `listorder`='1000' WHERE `id` = 38 [ RunTime:0.0001s ]
SQL: UPDATE `boxing_menu` SET `listorder`='40' WHERE `id` = 39 [ RunTime:0.0001s ]
SQL: UPDATE `boxing_menu` SET `listorder`='0' WHERE `id` = 40 [ RunTime:0.0001s ]
SQL: UPDATE `boxing_menu` SET `listorder`='0' WHERE `id` = 41 [ RunTime:0.0001s ]
SQL: UPDATE `boxing_menu` SET `listorder`='0' WHERE `id` = 42 [ RunTime:0.0001s ]
SQL: UPDATE `boxing_menu` SET `listorder`='0' WHERE `id` = 43 [ RunTime:0.0001s ]
SQL: UPDATE `boxing_menu` SET `listorder`='1000' WHERE `id` = 44 [ RunTime:0.0001s ]
SQL: UPDATE `boxing_menu` SET `listorder`='1000' WHERE `id` = 45 [ RunTime:0.0001s ]
SQL: UPDATE `boxing_menu` SET `listorder`='1000' WHERE `id` = 46 [ RunTime:0.0001s ]
SQL: UPDATE `boxing_menu` SET `listorder`='0' WHERE `id` = 47 [ RunTime:0.0001s ]
SQL: UPDATE `boxing_menu` SET `listorder`='0' WHERE `id` = 48 [ RunTime:0.0001s ]
SQL: UPDATE `boxing_menu` SET `listorder`='0' WHERE `id` = 49 [ RunTime:0.0001s ]
SQL: UPDATE `boxing_menu` SET `listorder`='0' WHERE `id` = 50 [ RunTime:0.0001s ]
SQL: UPDATE `boxing_menu` SET `listorder`='0' WHERE `id` = 51 [ RunTime:0.0001s ]
SQL: UPDATE `boxing_menu` SET `listorder`='0' WHERE `id` = 52 [ RunTime:0.0001s ]
SQL: UPDATE `boxing_menu` SET `listorder`='0' WHERE `id` = 155 [ RunTime:0.0001s ]
SQL: UPDATE `boxing_menu` SET `listorder`='1' WHERE `id` = 53 [ RunTime:0.0001s ]
SQL: UPDATE `boxing_menu` SET `listorder`='0' WHERE `id` = 54 [ RunTime:0.0001s ]
SQL: UPDATE `boxing_menu` SET `listorder`='0' WHERE `id` = 55 [ RunTime:0.0001s ]
SQL: UPDATE `boxing_menu` SET `listorder`='0' WHERE `id` = 56 [ RunTime:0.0001s ]
SQL: UPDATE `boxing_menu` SET `listorder`='0' WHERE `id` = 158 [ RunTime:0.0001s ]
SQL: UPDATE `boxing_menu` SET `listorder`='0' WHERE `id` = 159 [ RunTime:0.0001s ]
SQL: UPDATE `boxing_menu` SET `listorder`='1000' WHERE `id` = 57 [ RunTime:0.0001s ]
SQL: UPDATE `boxing_menu` SET `listorder`='1000' WHERE `id` = 58 [ RunTime:0.0001s ]
SQL: UPDATE `boxing_menu` SET `listorder`='0' WHERE `id` = 59 [ RunTime:0.0001s ]
SQL: UPDATE `boxing_menu` SET `listorder`='1000' WHERE `id` = 60 [ RunTime:0.0001s ]
SQL: UPDATE `boxing_menu` SET `listorder`='0' WHERE `id` = 61 [ RunTime:0.0001s ]
SQL: UPDATE `boxing_menu` SET `listorder`='0' WHERE `id` = 62 [ RunTime:0.0001s ]
SQL: UPDATE `boxing_menu` SET `listorder`='1000' WHERE `id` = 63 [ RunTime:0.0001s ]
SQL: UPDATE `boxing_menu` SET `listorder`='1000' WHERE `id` = 64 [ RunTime:0.0001s ]
SQL: UPDATE `boxing_menu` SET `listorder`='0' WHERE `id` = 65 [ RunTime:0.0001s ]
SQL: UPDATE `boxing_menu` SET `listorder`='1000' WHERE `id` = 66 [ RunTime:0.0001s ]
SQL: UPDATE `boxing_menu` SET `listorder`='0' WHERE `id` = 67 [ RunTime:0.0001s ]
SQL: UPDATE `boxing_menu` SET `listorder`='2' WHERE `id` = 68 [ RunTime:0.0001s ]
SQL: UPDATE `boxing_menu` SET `listorder`='0' WHERE `id` = 69 [ RunTime:0.0001s ]
SQL: UPDATE `boxing_menu` SET `listorder`='1000' WHERE `id` = 70 [ RunTime:0.0001s ]
SQL: UPDATE `boxing_menu` SET `listorder`='1000' WHERE `id` = 71 [ RunTime:0.0001s ]
SQL: UPDATE `boxing_menu` SET `listorder`='0' WHERE `id` = 72 [ RunTime:0.0001s ]
SQL: UPDATE `boxing_menu` SET `listorder`='1000' WHERE `id` = 73 [ RunTime:0.0001s ]
SQL: UPDATE `boxing_menu` SET `listorder`='0' WHERE `id` = 74 [ RunTime:0.0001s ]
SQL: UPDATE `boxing_menu` SET `listorder`='3' WHERE `id` = 75 [ RunTime:0.0001s ]
SQL: UPDATE `boxing_menu` SET `listorder`='0' WHERE `id` = 76 [ RunTime:0.0001s ]
SQL: UPDATE `boxing_menu` SET `listorder`='0' WHERE `id` = 77 [ RunTime:0.0001s ]
SQL: UPDATE `boxing_menu` SET `listorder`='1000' WHERE `id` = 78 [ RunTime:0.0001s ]
SQL: UPDATE `boxing_menu` SET `listorder`='1000' WHERE `id` = 79 [ RunTime:0.0001s ]
SQL: UPDATE `boxing_menu` SET `listorder`='0' WHERE `id` = 80 [ RunTime:0.0001s ]
SQL: UPDATE `boxing_menu` SET `listorder`='1000' WHERE `id` = 81 [ RunTime:0.0001s ]
SQL: UPDATE `boxing_menu` SET `listorder`='0' WHERE `id` = 82 [ RunTime:0.0001s ]
SQL: UPDATE `boxing_menu` SET `listorder`='4' WHERE `id` = 83 [ RunTime:0.0001s ]
SQL: UPDATE `boxing_menu` SET `listorder`='0' WHERE `id` = 84 [ RunTime:0.0001s ]

[ 2017-03-19T22:50:52+08:00 ] ::1 /.php?g=Admin&m=Menu&a=index
NOTIC: D方法实例化没找到模型类Common\Model\AuthRuleModel

[ 2017-03-19T23:36:48+08:00 ] ::1 /.php?g=Admin&m=Video&a=addPort
ERR: 1048:Column 'leaves' cannot be null
 [ SQL语句 ] : INSERT INTO `boxing_video_list` (`name`,`leaves`,`rounds`,`player_red_id`,`player_blue_id`,`winner`,`link`) VALUES ('测试视频',NULL,NULL,'1',NULL,'1','')

[ 2017-03-19T23:37:26+08:00 ] ::1 /.php?g=Admin&m=Video&a=addPort
ERR: 1048:Column 'leaves' cannot be null
 [ SQL语句 ] : INSERT INTO `boxing_video_list` (`name`,`leaves`,`rounds`,`player_red_id`,`player_blue_id`,`winner`,`link`) VALUES ('测试视频',NULL,NULL,'1',NULL,'1','www.baidu.com')

[ 2017-03-19T23:38:35+08:00 ] ::1 /.php?g=Admin&m=Video&a=editPort
ERR: 1048:Column 'leaves' cannot be null
 [ SQL语句 ] : UPDATE `boxing_video_list` SET `id`='1',`name`='测试视频',`leaves`=NULL,`rounds`=NULL,`player_red_id`='1',`player_blue_id`=NULL,`winner`='1',`link`='www.baidu.com' WHERE `id` = 1

[ 2017-03-19T23:39:13+08:00 ] ::1 /.php?g=Admin&m=Video&a=editPort
ERR: 1048:Column 'leaves' cannot be null
 [ SQL语句 ] : UPDATE `boxing_video_list` SET `id`='1',`name`='测试视频',`leaves`=NULL,`rounds`=NULL,`player_red_id`='1',`player_blue_id`=NULL,`winner`='1',`link`='www.baidu.com' WHERE `id` = 1

