[ 2017-03-20T02:07:35+08:00 ] ::1 /.php?g=user&m=index&a=is_login
INFO: [ app_begin ] --START--
INFO: Run Behavior\ReadHtmlCacheBehavior [ RunTime:0.000014s ]
INFO: Run Behavior\CheckLangBehavior [ RunTime:0.000048s ]
INFO: Run Common\Behavior\UrldecodeGetBehavior [ RunTime:0.000015s ]
INFO: [ app_begin ] --END-- [ RunTime:0.000109s ]
NOTIC: [8] Undefined index: url /home/cg-man/project/php/boxing/application/Common/Controller/AppframeController.class.php 第 22 行.

[ 2017-03-20T02:14:04+08:00 ] ::1 /.php?g=user&m=index&a=is_login
INFO: [ app_begin ] --START--
INFO: Run Behavior\ReadHtmlCacheBehavior [ RunTime:0.000013s ]
INFO: Run Behavior\CheckLangBehavior [ RunTime:0.000039s ]
INFO: Run Common\Behavior\UrldecodeGetBehavior [ RunTime:0.000016s ]
INFO: [ app_begin ] --END-- [ RunTime:0.000093s ]
NOTIC: [8] Undefined index: url /home/cg-man/project/php/boxing/application/Common/Controller/AppframeController.class.php 第 22 行.

[ 2017-03-20T09:52:25+08:00 ] ::1 /.php?g=user&m=index&a=is_login
INFO: [ app_begin ] --START--
INFO: Run Behavior\ReadHtmlCacheBehavior [ RunTime:0.000014s ]
INFO: Run Behavior\CheckLangBehavior [ RunTime:0.000048s ]
INFO: Run Common\Behavior\UrldecodeGetBehavior [ RunTime:0.000013s ]
INFO: [ app_begin ] --END-- [ RunTime:0.000103s ]
NOTIC: [8] Undefined index: url /home/cg-man/project/php/boxing/application/Common/Controller/AppframeController.class.php 第 22 行.

